Started GET "/" for 127.0.0.1 at 2018-03-20 14:34:42 -0300
Processing by Rails::WelcomeController#index as HTML
  Rendering /home/web/.rvm/gems/ruby-2.4.1/gems/railties-5.1.5/lib/rails/templates/rails/welcome/index.html.erb
  Rendered /home/web/.rvm/gems/ruby-2.4.1/gems/railties-5.1.5/lib/rails/templates/rails/welcome/index.html.erb (3.4ms)
Completed 200 OK in 708ms (Views: 21.7ms)


  [1m[35m (0.1ms)[0m  [1m[34mSELECT sqlite_version(*)[0m
  [1m[35m (8.6ms)[0m  [1m[35mCREATE TABLE "schema_migrations" ("version" varchar NOT NULL PRIMARY KEY)[0m
  [1m[35m (5.9ms)[0m  [1m[35mCREATE TABLE "ar_internal_metadata" ("key" varchar NOT NULL PRIMARY KEY, "value" varchar, "created_at" datetime NOT NULL, "updated_at" datetime NOT NULL)[0m
  [1m[35m (0.1ms)[0m  [1m[34mSELECT "schema_migrations"."version" FROM "schema_migrations" ORDER BY "schema_migrations"."version" ASC[0m
Migrating to CreateUsers (20180320174428)
  [1m[35m (0.2ms)[0m  [1m[36mbegin transaction[0m
  [1m[35m (0.3ms)[0m  [1m[35mCREATE TABLE "users" ("id" INTEGER PRIMARY KEY AUTOINCREMENT NOT NULL, "name" varchar, "email" varchar, "created_at" datetime NOT NULL, "updated_at" datetime NOT NULL)[0m
  [1m[35mSQL (0.1ms)[0m  [1m[32mINSERT INTO "schema_migrations" ("version") VALUES (?)[0m  [["version", "20180320174428"]]
  [1m[35m (6.3ms)[0m  [1m[36mcommit transaction[0m
  [1m[36mActiveRecord::InternalMetadata Load (0.2ms)[0m  [1m[34mSELECT  "ar_internal_metadata".* FROM "ar_internal_metadata" WHERE "ar_internal_metadata"."key" = ? LIMIT ?[0m  [["key", "environment"], ["LIMIT", 1]]
  [1m[35m (0.1ms)[0m  [1m[36mbegin transaction[0m
  [1m[35mSQL (0.8ms)[0m  [1m[32mINSERT INTO "ar_internal_metadata" ("key", "value", "created_at", "updated_at") VALUES (?, ?, ?, ?)[0m  [["key", "environment"], ["value", "development"], ["created_at", "2018-03-20 17:45:36.667852"], ["updated_at", "2018-03-20 17:45:36.667852"]]
  [1m[35m (7.7ms)[0m  [1m[36mcommit transaction[0m
  [1m[35m (0.1ms)[0m  [1m[34mSELECT "schema_migrations"."version" FROM "schema_migrations" ORDER BY "schema_migrations"."version" ASC[0m
Started GET "/users" for 127.0.0.1 at 2018-03-20 14:47:10 -0300
  [1m[35m (0.1ms)[0m  [1m[34mSELECT "schema_migrations"."version" FROM "schema_migrations" ORDER BY "schema_migrations"."version" ASC[0m
Processing by UsersController#index as HTML
  Rendering users/index.html.erb within layouts/application
  [1m[36mUser Load (0.1ms)[0m  [1m[34mSELECT "users".* FROM "users"[0m
  Rendered users/index.html.erb within layouts/application (3.0ms)
Completed 200 OK in 1187ms (Views: 1176.1ms | ActiveRecord: 0.6ms)


Started GET "/users/new" for 127.0.0.1 at 2018-03-20 14:47:16 -0300
Processing by UsersController#new as HTML
  Rendering users/new.html.erb within layouts/application
  Rendered users/_form.html.erb (105.0ms)
  Rendered users/new.html.erb within layouts/application (106.1ms)
Completed 200 OK in 131ms (Views: 125.2ms | ActiveRecord: 0.5ms)


Started POST "/users" for 127.0.0.1 at 2018-03-20 14:47:24 -0300
Processing by UsersController#create as HTML
  Parameters: {"utf8"=>"✓", "authenticity_token"=>"AT4vzewxLClcG5icGxWX3j91btMnzfIAtml0uJtC8y5jOytLqwPnQHAE81QTHBT1p9jPMnFym58exzedYCrVVQ==", "user"=>{"name"=>"Lucas", "email"=>"sasas"}, "commit"=>"Create User"}
  [1m[35m (0.1ms)[0m  [1m[36mbegin transaction[0m
  [1m[35mSQL (1.6ms)[0m  [1m[32mINSERT INTO "users" ("name", "email", "created_at", "updated_at") VALUES (?, ?, ?, ?)[0m  [["name", "Lucas"], ["email", "sasas"], ["created_at", "2018-03-20 17:47:24.569389"], ["updated_at", "2018-03-20 17:47:24.569389"]]
  [1m[35m (15.0ms)[0m  [1m[36mcommit transaction[0m
Redirected to http://localhost:3000/users/1
Completed 302 Found in 22ms (ActiveRecord: 16.6ms)


Started GET "/users/1" for 127.0.0.1 at 2018-03-20 14:47:24 -0300
Processing by UsersController#show as HTML
  Parameters: {"id"=>"1"}
  [1m[36mUser Load (0.2ms)[0m  [1m[34mSELECT  "users".* FROM "users" WHERE "users"."id" = ? LIMIT ?[0m  [["id", 1], ["LIMIT", 1]]
  Rendering users/show.html.erb within layouts/application
  Rendered users/show.html.erb within layouts/application (1.1ms)
Completed 200 OK in 52ms (Views: 30.2ms | ActiveRecord: 0.2ms)


Started GET "/users" for 127.0.0.1 at 2018-03-20 14:47:26 -0300
Processing by UsersController#index as HTML
  Rendering users/index.html.erb within layouts/application
  [1m[36mUser Load (0.4ms)[0m  [1m[34mSELECT "users".* FROM "users"[0m
  Rendered users/index.html.erb within layouts/application (6.5ms)
Completed 200 OK in 54ms (Views: 49.7ms | ActiveRecord: 0.4ms)


Started GET "/users/new" for 127.0.0.1 at 2018-03-20 14:47:30 -0300
Processing by UsersController#new as HTML
  Rendering users/new.html.erb within layouts/application
  Rendered users/_form.html.erb (3.5ms)
  Rendered users/new.html.erb within layouts/application (4.7ms)
Completed 200 OK in 40ms (Views: 39.0ms | ActiveRecord: 0.0ms)


Started POST "/users" for 127.0.0.1 at 2018-03-20 14:47:37 -0300
Processing by UsersController#create as HTML
  Parameters: {"utf8"=>"✓", "authenticity_token"=>"dvZJAQZywrxrmSNfOJExRSoj3O2mC4M52QLvinKLRVEU802HQUAJ1UeGSJcwmLJuso59DPC06qZxrKyvieNjKg==", "user"=>{"name"=>"pan", "email"=>"pancito"}, "commit"=>"Create User"}
  [1m[35m (0.5ms)[0m  [1m[36mbegin transaction[0m
  [1m[35mSQL (1.3ms)[0m  [1m[32mINSERT INTO "users" ("name", "email", "created_at", "updated_at") VALUES (?, ?, ?, ?)[0m  [["name", "pan"], ["email", "pancito"], ["created_at", "2018-03-20 17:47:37.651161"], ["updated_at", "2018-03-20 17:47:37.651161"]]
  [1m[35m (7.6ms)[0m  [1m[36mcommit transaction[0m
Redirected to http://localhost:3000/users/2
Completed 302 Found in 14ms (ActiveRecord: 9.4ms)


Started GET "/users/2" for 127.0.0.1 at 2018-03-20 14:47:37 -0300
Processing by UsersController#show as HTML
  Parameters: {"id"=>"2"}
  [1m[36mUser Load (0.1ms)[0m  [1m[34mSELECT  "users".* FROM "users" WHERE "users"."id" = ? LIMIT ?[0m  [["id", 2], ["LIMIT", 1]]
  Rendering users/show.html.erb within layouts/application
  Rendered users/show.html.erb within layouts/application (0.6ms)
Completed 200 OK in 27ms (Views: 25.5ms | ActiveRecord: 0.1ms)


Started GET "/users" for 127.0.0.1 at 2018-03-20 14:47:39 -0300
Processing by UsersController#index as HTML
  Rendering users/index.html.erb within layouts/application
  [1m[36mUser Load (0.2ms)[0m  [1m[34mSELECT "users".* FROM "users"[0m
  Rendered users/index.html.erb within layouts/application (1.7ms)
Completed 200 OK in 17ms (Views: 16.1ms | ActiveRecord: 0.2ms)


Started GET "/users/new" for 127.0.0.1 at 2018-03-20 14:49:05 -0300
Processing by UsersController#new as HTML
  Rendering users/new.html.erb within layouts/application
  Rendered users/_form.html.erb (1.9ms)
  Rendered users/new.html.erb within layouts/application (2.9ms)
Completed 200 OK in 28ms (Views: 26.8ms | ActiveRecord: 0.0ms)


Started POST "/users" for 127.0.0.1 at 2018-03-20 14:49:10 -0300
Processing by UsersController#create as HTML
  Parameters: {"utf8"=>"✓", "authenticity_token"=>"hNJQvzvDkPK4Zotn3uW4n/xZ/DmbB3u53YB4x+StZAvm11Q5fPFbm5R54K/W7Du0ZPRd2M24EiZ1LjviH8VCcA==", "user"=>{"name"=>"vicky", "email"=>"sdadsada"}, "commit"=>"Create User"}
  [1m[35m (0.1ms)[0m  [1m[36mbegin transaction[0m
  [1m[35mSQL (0.2ms)[0m  [1m[32mINSERT INTO "users" ("name", "email", "created_at", "updated_at") VALUES (?, ?, ?, ?)[0m  [["name", "vicky"], ["email", "sdadsada"], ["created_at", "2018-03-20 17:49:10.138690"], ["updated_at", "2018-03-20 17:49:10.138690"]]
  [1m[35m (56.0ms)[0m  [1m[36mcommit transaction[0m
Redirected to http://localhost:3000/users/3
Completed 302 Found in 71ms (ActiveRecord: 56.3ms)


Started GET "/users/3" for 127.0.0.1 at 2018-03-20 14:49:10 -0300
Processing by UsersController#show as HTML
  Parameters: {"id"=>"3"}
  [1m[36mUser Load (0.1ms)[0m  [1m[34mSELECT  "users".* FROM "users" WHERE "users"."id" = ? LIMIT ?[0m  [["id", 3], ["LIMIT", 1]]
  Rendering users/show.html.erb within layouts/application
  Rendered users/show.html.erb within layouts/application (0.6ms)
Completed 200 OK in 26ms (Views: 24.6ms | ActiveRecord: 0.1ms)


Started GET "/users/3" for 127.0.0.1 at 2018-03-20 14:49:30 -0300
Processing by UsersController#show as HTML
  Parameters: {"id"=>"3"}
  [1m[36mUser Load (0.1ms)[0m  [1m[34mSELECT  "users".* FROM "users" WHERE "users"."id" = ? LIMIT ?[0m  [["id", 3], ["LIMIT", 1]]
  Rendering users/show.html.erb within layouts/application
  Rendered users/show.html.erb within layouts/application (0.7ms)
Completed 200 OK in 24ms (Views: 22.3ms | ActiveRecord: 0.1ms)


Started GET "/users/3" for 127.0.0.1 at 2018-03-20 14:49:33 -0300
Processing by UsersController#show as HTML
  Parameters: {"id"=>"3"}
  [1m[36mUser Load (0.1ms)[0m  [1m[34mSELECT  "users".* FROM "users" WHERE "users"."id" = ? LIMIT ?[0m  [["id", 3], ["LIMIT", 1]]
  Rendering users/show.html.erb within layouts/application
  Rendered users/show.html.erb within layouts/application (0.7ms)
Completed 200 OK in 20ms (Views: 17.2ms | ActiveRecord: 0.1ms)


Started GET "/users" for 127.0.0.1 at 2018-03-20 14:49:38 -0300
Processing by UsersController#index as HTML
  Rendering users/index.html.erb within layouts/application
  [1m[36mUser Load (0.2ms)[0m  [1m[34mSELECT "users".* FROM "users"[0m
  Rendered users/index.html.erb within layouts/application (2.0ms)
Completed 200 OK in 18ms (Views: 16.6ms | ActiveRecord: 0.2ms)


